<?xml version="1.0" encoding="UTF-8"?>
<testng-results skipped="0" failed="0" ignored="0" total="2" passed="2">
  <reporter-output>
  </reporter-output>
  <suite name="Default suite" duration-ms="31272" started-at="2022-02-02T07:44:47Z" finished-at="2022-02-02T07:45:18Z">
    <groups>
    </groups>
    <test name="Default test" duration-ms="31272" started-at="2022-02-02T07:44:47Z" finished-at="2022-02-02T07:45:18Z">
      <class name="base.PracticeTestNg">
        <test-method status="PASS" signature="tc1()[pri:0, instance:base.PracticeTestNg@7cd62f43]" name="tc1" duration-ms="24506" started-at="2022-02-02T13:14:47Z" finished-at="2022-02-02T13:15:11Z">
          <reporter-output>
          </reporter-output>
        </test-method> <!-- tc1 -->
        <test-method status="PASS" signature="tc2()[pri:0, instance:base.PracticeTestNg@7cd62f43]" name="tc2" duration-ms="6649" started-at="2022-02-02T13:15:11Z" finished-at="2022-02-02T13:15:18Z">
          <reporter-output>
          </reporter-output>
        </test-method> <!-- tc2 -->
      </class> <!-- base.PracticeTestNg -->
    </test> <!-- Default test -->
  </suite> <!-- Default suite -->
</testng-results>
